app/build/outputs/apk/manifest-merger-debug-report.txt
-- Merging decision tree log ---
manifest
ADDED from AndroidManifest.xml:6:1
	android:sharedUserId
		ADDED from AndroidManifest.xml:10:11
	xmlns:android
		ADDED from AndroidManifest.xml:6:11
	package
		ADDED from AndroidManifest.xml:7:11
		INJECTED from AndroidManifest.xml:0:0
		INJECTED from AndroidManifest.xml:0:0
	android:sharedUserLabel
		ADDED from AndroidManifest.xml:11:11
	android:versionName
		ADDED from AndroidManifest.xml:9:11
	android:versionCode
		ADDED from AndroidManifest.xml:8:11
		INJECTED from AndroidManifest.xml:0:0
		INJECTED from AndroidManifest.xml:0:0
uses-sdk
ADDED from AndroidManifest.xml:12:5
MERGED from com.android.support:support-v4:22.2.0:20:5
	android:targetSdkVersion
		ADDED from AndroidManifest.xml:12:42
		INJECTED from AndroidManifest.xml:0:0
		INJECTED from AndroidManifest.xml:0:0
	android:minSdkVersion
		ADDED from AndroidManifest.xml:12:15
		INJECTED from AndroidManifest.xml:0:0
		INJECTED from AndroidManifest.xml:0:0
uses-permission#android.permission.INTERNET
ADDED from AndroidManifest.xml:13:5
	android:name
		ADDED from AndroidManifest.xml:13:22
uses-permission#android.permission.READ_PHONE_STATE
ADDED from AndroidManifest.xml:14:5
	android:name
		ADDED from AndroidManifest.xml:14:22
uses-permission#android.permission.ACCESS_COARSE_LOCATION
ADDED from AndroidManifest.xml:15:5
	android:name
		ADDED from AndroidManifest.xml:15:22
uses-feature#android.hardware.nfc
ADDED from AndroidManifest.xml:18:5
	android:required
		ADDED from AndroidManifest.xml:18:55
	android:name
		ADDED from AndroidManifest.xml:18:19
uses-permission#android.permission.NFC
ADDED from AndroidManifest.xml:19:5
	android:name
		ADDED from AndroidManifest.xml:19:22
uses-permission#android.permission.BLUETOOTH
ADDED from AndroidManifest.xml:20:5
	android:name
		ADDED from AndroidManifest.xml:20:22
uses-permission#android.permission.BLUETOOTH_ADMIN
ADDED from AndroidManifest.xml:21:5
	android:name
		ADDED from AndroidManifest.xml:21:22
application
ADDED from AndroidManifest.xml:23:5
MERGED from com.android.support:support-v4:22.2.0:22:5
	android:label
		ADDED from AndroidManifest.xml:23:18
	android:icon
		ADDED from AndroidManifest.xml:23:51
activity#com.l7tech.examplea.ExampleActivity
ADDED from AndroidManifest.xml:24:9
	android:windowSoftInputMode
		ADDED from AndroidManifest.xml:27:19
	android:label
		ADDED from AndroidManifest.xml:26:19
	android:theme
		ADDED from AndroidManifest.xml:25:19
	android:name
		ADDED from AndroidManifest.xml:24:19
intent-filter#android.intent.action.MAIN+android.intent.category.LAUNCHER
ADDED from AndroidManifest.xml:28:13
action#android.intent.action.MAIN
ADDED from AndroidManifest.xml:29:17
	android:name
		ADDED from AndroidManifest.xml:29:25
category#android.intent.category.LAUNCHER
ADDED from AndroidManifest.xml:30:17
	android:name
		ADDED from AndroidManifest.xml:30:27
intent-filter#android.intent.category.DEFAULT+android.nfc.action.NDEF_DISCOVERED
ADDED from AndroidManifest.xml:33:13
action#android.nfc.action.NDEF_DISCOVERED
ADDED from AndroidManifest.xml:34:17
	android:name
		ADDED from AndroidManifest.xml:34:25
category#android.intent.category.DEFAULT
ADDED from AndroidManifest.xml:35:17
	android:name
		ADDED from AndroidManifest.xml:35:27
data
ADDED from AndroidManifest.xml:36:17
	android:mimeType
		ADDED from AndroidManifest.xml:36:23
activity#com.l7tech.examplea.logon.CustomLogonActivity
ADDED from AndroidManifest.xml:54:9
	android:theme
		ADDED from AndroidManifest.xml:55:19
	android:exported
		ADDED from AndroidManifest.xml:57:19
	android:name
		ADDED from AndroidManifest.xml:54:19
	android:launchMode
		ADDED from AndroidManifest.xml:56:19
intent-filter#android.intent.category.DEFAULT+com.l7tech.msso.service.action.OBTAIN_CREDENTIALS
ADDED from AndroidManifest.xml:58:13
action#com.l7tech.msso.service.action.OBTAIN_CREDENTIALS
ADDED from AndroidManifest.xml:59:17
	android:name
		ADDED from AndroidManifest.xml:59:25
activity#com.l7tech.msso.gui.SocialLoginActivity
ADDED from AndroidManifest.xml:63:9
	android:windowSoftInputMode
		ADDED from AndroidManifest.xml:65:19
	android:theme
		ADDED from AndroidManifest.xml:64:19
	android:exported
		ADDED from AndroidManifest.xml:66:19
	android:name
		ADDED from AndroidManifest.xml:63:19
activity#com.l7tech.examplea.enterprise.EnterpriseBrowser
ADDED from AndroidManifest.xml:69:9
	android:label
		ADDED from AndroidManifest.xml:70:19
	android:icon
		ADDED from AndroidManifest.xml:71:19
	android:theme
		ADDED from AndroidManifest.xml:73:19
	android:exported
		ADDED from AndroidManifest.xml:72:19
	android:name
		ADDED from AndroidManifest.xml:69:19
intent-filter#android.intent.category.DEFAULT+com.l7tech.msso.service.action.LAUNCH_ENTERPRISE_BROWSER
ADDED from AndroidManifest.xml:74:13
action#com.l7tech.msso.service.action.LAUNCH_ENTERPRISE_BROWSER
ADDED from AndroidManifest.xml:75:17
	android:name
		ADDED from AndroidManifest.xml:75:25
activity#com.l7tech.examplea.enterprise.EnterpriseBrowserApp
ADDED from AndroidManifest.xml:80:9
	android:theme
		ADDED from AndroidManifest.xml:81:19
	android:name
		ADDED from AndroidManifest.xml:80:19
intent-filter#android.intent.category.DEFAULT+com.l7tech.msso.service.action.RENDER_WEBVIEW
ADDED from AndroidManifest.xml:82:13
action#com.l7tech.msso.service.action.RENDER_WEBVIEW
ADDED from AndroidManifest.xml:83:17
	android:name
		ADDED from AndroidManifest.xml:83:25
service#com.l7tech.msso.service.MssoService
ADDED from AndroidManifest.xml:88:9
	android:exported
		ADDED from AndroidManifest.xml:89:18
	android:name
		ADDED from AndroidManifest.xml:88:18